REM formatting for all tables
SQL> COLUMN sales_rep_last_name FORMAT A20;
SQL> COLUMN sales_rep_first_name FORMAT A20;
SQL> COLUMN sales_rep_no FORMAT 999;
SQL> COLUMN invoice_no FORMAT A11;
SQL> COLUMN invoice_date FORMAT A12;
SQL> COLUMN invoice_due_date FORMAT A17;
SQL> COLUMN invoice_ship_date FORMAT A17;
SQL> COLUMN invoice_po_no FORMAT A14;
SQL> COLUMN invoice_term FORMAT A18;
SQL> COLUMN item_code FORMAT A10;
SQL> COLUMN customer_no FORMAT 9999;
SQL> COLUMN bill_to_no FORMAT 9999;
SQL> COLUMN bill_to_contact_name FORMAT A25;
SQL> COLUMN bill_to_name FORMAT A27;
SQL> COLUMN bill_to_street FORMAT A17;
SQL> COLUMN bill_to_city FORMAT A13;
SQL> COLUMN bill_to_state FORMAT A13;
SQL> COLUMN bill_to_zipcode FORMAT A11;
SQL> COLUMN bill_to_phone_no FORMAT A16;
SQL> COLUMN ship_to_no FORMAT 9999;
SQL> COLUMN ship_to_name FORMAT A30;
SQL> COLUMN ship_to_street FORMAT A25;
SQL> COLUMN ship_to_city FORMAT A20;
SQL> COLUMN ship_to_state FORMAT A15;
SQL> COLUMN ship_to_zipcode FORMAT A15;
SQL> COLUMN ship_to_phone_no FORMAT A15;
SQL> SET LINESIZE 180;
SQL> SET PAGESIZE 33;
SQL> --1 should sort on one field
SQL> --Get me a list of all invoices sorted by their invoice date in ascending order
SQL> SELECT invoice_no, invoice_date, invoice_due_date, invoice_ship_date, invoice_po_no,
  2  invoice_term, customer_no, sales_rep_no
  3     FROM invoices_dd
  4     ORDER BY invoice_date ASC;

INVOICE_NO  INVOICE_DATE INVOICE_DUE_DATE  INVOICE_SHIP_DATE INVOICE_PO_NO  INVOICE_TERM       CUSTOMER_NO SALES_REP_NO                                                             
----------- ------------ ----------------- ----------------- -------------- ------------------ ----------- ------------                                                             
2015-5139   05-MAY-15    05-MAY-15         05-MAY-15         PO813          Due on receipt            5500          100                                                             
2015-5140   06-MAY-15    06-MAY-15         06-MAY-15         PP180712       Due upon delivery         5501          101                                                             
2015-5141   07-MAY-15    07-MAY-15         07-MAY-15         3245           2/10 net 30               5502          102                                                             
2015-5142   08-MAY-15    08-MAY-15         08-MAY-15         P590           Due on receipt            5503          103                                                             
2015-5143   09-MAY-15    11-MAY-15         11-MAY-15         8345           Due end of day            5504          103                                                             
2015-5144   10-MAY-15    12-MAY-15         12-MAY-15         PN201872       Due on receipt            5505          100                                                             
2015-5145   11-MAY-15    13-MAY-15         13-MAY-15         18-0078        Due upon delivery         5506          101                                                             
2015-5146   12-MAY-15    14-MAY-15         14-MAY-15         617            2/10 net 30               5507          102                                                             
2015-5147   13-MAY-15    15-MAY-15         15-MAY-15         7714           Due on receipt            5508          103                                                             
2015-5148   14-MAY-15    18-MAY-15         18-MAY-15         8359           Due end of day            5504          103                                                             
2015-5149   15-MAY-15    19-MAY-15         19-MAY-15         PO827          Due on receipt            5500          100                                                             
2015-5150   16-MAY-15    20-MAY-15         20-MAY-15         PP180712       Due upon delivery         5501          101                                                             

12 rows selected.

SQL> --1 should sort on one field
SQL> --Get me a list of all sales reps in Florida sorted by their last name in ascending order
SQL> SELECT sales_rep_no, sales_rep_last_name, sales_rep_first_name
  2     FROM sales_reps_dd
  3     ORDER BY sales_rep_last_name ASC;

SALES_REP_NO SALES_REP_LAST_NAME  SALES_REP_FIRST_NAME                                                                                                                              
------------ -------------------- --------------------                                                                                                                              
         101 Arnold               John                                                                                                                                              
         100 Manuel               Jesus                                                                                                                                             
         103 Shoeler              Pablo                                                                                                                                             
         102 Smith                Keith                                                                                                                                             

SQL> 
SQL> --1 should sort on multiple fields
SQL> --Get me a list of all billing accounts in Florida sorted by the city and contact name
SQL> SELECT bill_to_city, bill_to_no, bill_to_name, bill_to_contact_name
  2     FROM bill_tos_dd
  3     ORDER BY bill_to_city, bill_to_contact_name;

BILL_TO_CITY  BILL_TO_NO BILL_TO_NAME                BILL_TO_CONTACT_NAME                                                                                                           
------------- ---------- --------------------------- -------------------------                                                                                                      
Boca Raton          4001 FLORIDA ATLANTIC UNIVERSITY Sandy Carter                                                                                                                   
Boca Raton          4003 BOCA RATON HIGH SCHOOL      Susie King                                                                                                                     
Lake Worth          4002 PALM BEACH STATE COLLEGE    Ava Parker                                                                                                                     
Pompano Beach       4000 POMPANO BEACH HIGH SCHOOL   Chelson Exume                                                                                                                  

SQL> 
SQL> --1 should sort on multiple fields
SQL> --Get me a list of all shipping accounts sorted by the state and zipcode
SQL> SELECT ship_to_no, ship_to_name, ship_to_street, ship_to_city, ship_to_state, ship_to_zipcode
  2     FROM ship_tos_dd
  3     ORDER BY ship_to_state, ship_to_zipcode;

SHIP_TO_NO SHIP_TO_NAME                   SHIP_TO_STREET            SHIP_TO_CITY         SHIP_TO_STATE   SHIP_TO_ZIPCODE                                                            
---------- ------------------------------ ------------------------- -------------------- --------------- ---------------                                                            
      5000 POMPANO BEACH HIGH SCHOOL      600 NE 13th AVE           Pompano Beach        FL              33060                                                                      
      5004 BLANCHE ELY HIGH SCHOOL        1200 NW 6th AVE           Pompano Beach        FL              33060                                                                      
      5001 FLORIDA ATLANTIC UNIVERSITY    777 Glades Rd             Boca Raton           FL              33431                                                                      
      5002 PALM BEACH STATE COLLEGE       4200 Congress AVE         Lake Worth           FL              33461                                                                      
      5003 BOCA RATON HIGH SCHOOL         1501 NW 15th Ct           Boca Raton           FL              33486                                                                      

SQL> 
