SQL> REM to get rid of headers which occur
SQL> REM every X lines; default is 24
SQL> 
SQL> SET pagesize 24;
SQL> REM not changing default
SQL> REM note the repeating of the headers
SQL> 
SQL> SELECT id,name
  2  from s_product;

       ID NAME                                                                                      
--------- --------------------------------------------------                                        
    10011 Bunny Boot                                                                                
    10012 Ace Ski Boot                                                                              
    10013 Pro Ski Boot                                                                              
    10021 Bunny Ski Pole                                                                            
    10022 Ace Ski Pole                                                                              
    10023 Pro Ski Pole                                                                              
    20106 Junior Soccer Ball                                                                        
    20108 World Cup Soccer Ball                                                                     
    20201 World Cup Net                                                                             
    20510 Black Hawk Knee Pads                                                                      
    20512 Black Hawk Elbow Pads                                                                     
    30321 Grand Prix Bicycle                                                                        
    30326 Himalaya Bicycle                                                                          
    30421 Grand Prix Bicycle Tires                                                                  
    30426 Himalaya Tires                                                                            
    30433 New Air Pump                                                                              
    32779 Slaker Water Bottle                                                                       
    32861 Safe-T Helmet                                                                             
    40421 Alexeyer Pro Lifting Bar                                                                  
    40422 Pro Curling Bar                                                                           
    41010 Prostar 10 Pound Weight                                                                   

       ID NAME                                                                                      
--------- --------------------------------------------------                                        
    41020 Prostar 20 Pound Weight                                                                   
    41050 Prostar 50 Pound Weight                                                                   
    41080 Prostar 80 Pound Weight                                                                   
    41100 Prostar 100 Pound Weight                                                                  
    50169 Major League Baseball                                                                     
    50273 Chapman Helmet                                                                            
    50417 Griffey Glove                                                                             
    50418 Alomar Glove                                                                              
    50419 Steinbach Glove                                                                           
    50530 Cabrera Bat                                                                               
    50532 Puckett Bat                                                                               
    50536 Winfield Bat                                                                              

33 rows selected.

SQL> 
SQL> SET pagesize 50;
SQL> REM changing default
SQL> REM note the repeating of the headers is gone
SQL> 
SQL> SELECT id,name
  2  from s_product;

       ID NAME                                                                                      
--------- --------------------------------------------------                                        
    10011 Bunny Boot                                                                                
    10012 Ace Ski Boot                                                                              
    10013 Pro Ski Boot                                                                              
    10021 Bunny Ski Pole                                                                            
    10022 Ace Ski Pole                                                                              
    10023 Pro Ski Pole                                                                              
    20106 Junior Soccer Ball                                                                        
    20108 World Cup Soccer Ball                                                                     
    20201 World Cup Net                                                                             
    20510 Black Hawk Knee Pads                                                                      
    20512 Black Hawk Elbow Pads                                                                     
    30321 Grand Prix Bicycle                                                                        
    30326 Himalaya Bicycle                                                                          
    30421 Grand Prix Bicycle Tires                                                                  
    30426 Himalaya Tires                                                                            
    30433 New Air Pump                                                                              
    32779 Slaker Water Bottle                                                                       
    32861 Safe-T Helmet                                                                             
    40421 Alexeyer Pro Lifting Bar                                                                  
    40422 Pro Curling Bar                                                                           
    41010 Prostar 10 Pound Weight                                                                   
    41020 Prostar 20 Pound Weight                                                                   
    41050 Prostar 50 Pound Weight                                                                   
    41080 Prostar 80 Pound Weight                                                                   
    41100 Prostar 100 Pound Weight                                                                  
    50169 Major League Baseball                                                                     
    50273 Chapman Helmet                                                                            
    50417 Griffey Glove                                                                             
    50418 Alomar Glove                                                                              
    50419 Steinbach Glove                                                                           
    50530 Cabrera Bat                                                                               
    50532 Puckett Bat                                                                               
    50536 Winfield Bat                                                                              

33 rows selected.

SQL> 
SQL> spool off;
