--Creating Sequences
SQL> CREATE SEQUENCE sales_rep_no_seq
  2    INCREMENT BY 1
  3    START WITH 100
  4    NOCACHE
  5    NOCYCLE;

Sequence created.

SQL> 
SQL> CREATE SEQUENCE ship_to_no_seq
  2    INCREMENT BY 1
  3    START WITH 5000
  4    NOCACHE
  5    NOCYCLE;

Sequence created.

SQL> 
SQL> CREATE SEQUENCE bill_to_no_seq
  2    INCREMENT BY 1
  3    START WITH 4000
  4    NOCACHE
  5    NOCYCLE;

Sequence created.

SQL> 
SQL>  CREATE SEQUENCE customer_no_seq
  2    INCREMENT BY 1
  3    START WITH 5500
  4    NOCACHE
  5    NOCYCLE;

Sequence created.

SQL> 
SQL> 
SQL> REM to get information about sequences:
SQL> SELECT sequence_name, increment_by
  2  FROM user_sequences;

SEQUENCE_NAME                                                                                                                    INCREMENT_BY                                                                                                                                                                                                                                                                                                                                                                                                                                                                           
-------------------------------------------------------------------------------------------------------------------------------- ------------                                                                                                                                                                                                                                                                                                                                                                                                                                                                           
BILL_TO_NO_SEQ                                                                                                                              1                                                                                                                                                                                                                                                                                                                                                                                                                                                                           
CUSTOMER_NO_SEQ                                                                                                                             1                                                                                                                                                                                                                                                                                                                                                                                                                                                                           
CUST_CUST_NO_SEQ                                                                                                                            1                                                                                                                                                                                                                                                                                                                                                                                                                                                                           
INVOICE_NO_SEQ                                                                                                                              1                                                                                                                                                                                                                                                                                                                                                                                                                                                                           
SALES_REP_NO_SEQ                                                                                                                            1                                                                                                                                                                                                                                                                                                                                                                                                                                                                           
SHIP_TO_NO_SEQ                                                                                                                              1                                                                                                                                                                                                                                                                                                                                                                                                                                                                           

6 rows selected.

SQL> 
